<?xml version="1.0" encoding="UTF-8"?>
<!-- Generated by org.testng.reporters.JUnitReportReporter -->
<testsuite skipped="0" hostname="TZ-IT-YiDR" name="com.visa.TestCase.d" tests="1" failures="0" timestamp="23 Oct 2016 06:04:54 GMT" time="12.500" errors="0">
  <testcase name="VisaOrder" time="12.500" classname="com.visa.TestCase.d"/>
</testsuite> <!-- com.visa.TestCase.d -->
