<?xml version="1.0" encoding="UTF-8"?>
<!-- Generated by org.testng.reporters.JUnitReportReporter -->
<testsuite hostname="TZ-IT-YiDR" name="test.Filess" tests="1" failures="0" timestamp="8 Apr 2018 02:37:09 GMT" time="12.334" errors="0">
  <testcase name="fileTest" time="12.334" classname="test.Filess"/>
</testsuite> <!-- test.Filess -->
