<?xml version="1.0" encoding="UTF-8"?>
<!-- Generated by org.testng.reporters.JUnitReportReporter -->
<testsuite skipped="0" hostname="TZ-IT-YiDR" name="com.visa.TestCase.ProductD" tests="1" failures="0" timestamp="23 Oct 2016 04:03:54 GMT" time="23.875" errors="0">
  <testcase name="OrderData" time="23.875" classname="com.visa.TestCase.ProductD"/>
</testsuite> <!-- com.visa.TestCase.ProductD -->
