<?xml version="1.0" encoding="UTF-8"?>
<!-- Generated by org.testng.reporters.JUnitReportReporter -->
<testsuite hostname="TZ-IT-YiDR" name="test.ShuBiao" tests="1" failures="0" timestamp="29 Mar 2018 07:38:03 GMT" time="9.767" errors="0">
  <testcase name="mouse" time="9.767" classname="test.ShuBiao"/>
</testsuite> <!-- test.ShuBiao -->
