<?xml version="1.0" encoding="UTF-8"?>
<!-- Generated by org.testng.reporters.JUnitReportReporter -->
<testsuite hostname="TZ-IT-YiDR" name="test.Js" tests="1" failures="0" timestamp="30 Mar 2018 08:03:59 GMT" time="15.051" errors="0">
  <testcase name="jsDisplay" time="15.051" classname="test.Js"/>
</testsuite> <!-- test.Js -->
