<?xml version="1.0" encoding="UTF-8"?>
<!-- Generated by org.testng.reporters.JUnitReportReporter -->
<testsuite hostname="TZ-IT-YiDR" name="test.ScreenShot" tests="1" failures="0" timestamp="28 Mar 2018 07:32:37 GMT" time="16.012" errors="0">
  <testcase name="elementShot" time="16.012" classname="test.ScreenShot"/>
</testsuite> <!-- test.ScreenShot -->
