<?xml version="1.0" encoding="UTF-8"?>
<!-- Generated by org.testng.reporters.JUnitReportReporter -->
<testsuite hostname="TZ-IT-YiDR" name="test.ShuBiao" tests="1" failures="0" timestamp="12 Apr 2018 10:18:27 GMT" time="11.528" errors="0">
  <testcase name="mouse" time="11.528" classname="test.ShuBiao"/>
</testsuite> <!-- test.ShuBiao -->
