<?xml version="1.0" encoding="UTF-8"?>
<!-- Generated by org.testng.reporters.JUnitReportReporter -->
<testsuite hostname="TZ-IT-YiDR" name="test.Dialog" tests="1" failures="0" timestamp="12 Apr 2018 10:22:30 GMT" time="13.975" errors="0">
  <testcase name="dialog" time="13.975" classname="test.Dialog"/>
</testsuite> <!-- test.Dialog -->
