<?xml version="1.0" encoding="UTF-8"?>
<!-- Generated by org.testng.reporters.JUnitReportReporter -->
<testsuite hostname="TZ-IT-YiDR" name="com.login.purchaselogin.testcase.LoginPurchase" tests="1" failures="0" timestamp="17 Jul 2017 11:52:18 GMT" time="17.903" errors="0">
  <testcase name="loginVisa" time="17.903" classname="com.login.purchaselogin.testcase.LoginPurchase"/>
</testsuite> <!-- com.login.purchaselogin.testcase.LoginPurchase -->
