<?xml version="1.0" encoding="UTF-8"?>
<!-- Generated by org.testng.reporters.JUnitReportReporter -->
<testsuite hostname="TZ-IT-YiDR" name="test.Getdriver" tests="1" failures="0" timestamp="28 Mar 2018 07:09:27 GMT" time="6.146" errors="0">
  <testcase name="a" time="6.146" classname="test.Getdriver"/>
</testsuite> <!-- test.Getdriver -->
