<?xml version="1.0" encoding="UTF-8"?>
<!-- Generated by org.testng.reporters.JUnitReportReporter -->
<testsuite hostname="TZ-IT-YiDR" name="test.Dialog" tests="1" failures="0" timestamp="11 Apr 2018 06:24:52 GMT" time="14.735" errors="0">
  <testcase name="dialog" time="14.735" classname="test.Dialog"/>
</testsuite> <!-- test.Dialog -->
